

times in msec
 clock   self+sourced   self:  sourced script
 clock   elapsed:              other lines

000.008  000.008: --- NVIM STARTING ---
000.382  000.374: locale set
000.801  000.419: inits 1
000.822  000.021: window checked
000.826  000.004: parsing arguments
000.877  000.051: expanding arguments
000.919  000.042: inits 2
001.485  000.567: init highlight
001.487  000.002: waiting for UI
002.954  001.466: done waiting for UI
002.993  000.039: initialized screen early for UI
004.497  001.387  001.387: sourcing $VIM/sysinit.vim
006.471  001.890  001.890: sourcing /home/brian/.config/nvim/autoload/plug.vim
030.769  000.014  000.014: sourcing /home/brian/.config/nvim/ftdetect/conf.vim
030.799  000.015  000.015: sourcing /home/brian/.config/nvim/ftdetect/sxhkdrc.vim
031.042  000.010  000.010: sourcing /home/brian/.local/share/nvim/plugged/vim-fugitive/ftdetect/fugitive.vim
031.132  000.044  000.044: sourcing /home/brian/.local/share/nvim/plugged/vim-markdown/ftdetect/markdown.vim
043.213  012.040  012.040: sourcing /home/brian/.local/share/nvim/plugged/vim-polyglot/ftdetect/polyglot.vim
043.275  000.012  000.012: sourcing /home/brian/.local/share/nvim/plugged/pest.vim/ftdetect/pest.vim
043.437  000.013  000.013: sourcing /usr/share/vim/vimfiles/ftdetect/PKGBUILD.vim
043.473  000.023  000.023: sourcing /usr/share/vim/vimfiles/ftdetect/lf.vim
043.510  000.024  000.024: sourcing /usr/share/vim/vimfiles/ftdetect/meson.vim
043.562  000.039  000.039: sourcing /usr/share/vim/vimfiles/ftdetect/task.vim
043.607  019.226  006.992: sourcing /usr/share/nvim/runtime/filetype.vim
043.849  000.033  000.033: sourcing /usr/share/nvim/runtime/ftplugin.vim
044.091  000.030  000.030: sourcing /usr/share/nvim/runtime/indent.vim
044.856  000.285  000.285: sourcing /usr/share/nvim/runtime/syntax/syncolor.vim
044.980  000.617  000.332: sourcing /usr/share/nvim/runtime/syntax/synload.vim
045.009  000.850  000.233: sourcing /usr/share/nvim/runtime/syntax/syntax.vim
045.561  000.243  000.243: sourcing /home/brian/.local/share/nvim/plugged/vim-repeat/autoload/repeat.vim
045.727  000.593  000.349: sourcing /home/brian/.local/share/nvim/plugged/vim-sandwich/macros/sandwich/keymap/surround.vim
045.984  000.155  000.155: sourcing /home/brian/.local/share/nvim/plugged/vim-sandwich/autoload/sandwich.vim
046.415  000.213  000.213: sourcing /home/brian/.local/share/nvim/plugged/vim-which-key/autoload/which_key.vim
046.516  041.993  019.001: sourcing /home/brian/.config/nvim/init.vim
046.520  000.148: sourcing vimrc file(s)
046.990  000.176  000.176: sourcing /home/brian/.config/nvim/plugin/autocommands.vim
047.294  000.289  000.289: sourcing /home/brian/.config/nvim/plugin/coc.vim
047.331  000.023  000.023: sourcing /home/brian/.config/nvim/plugin/coc_snippets.vim
047.392  000.047  000.047: sourcing /home/brian/.config/nvim/plugin/commands.vim
047.445  000.040  000.040: sourcing /home/brian/.config/nvim/plugin/mappings/command.vim
047.621  000.161  000.161: sourcing /home/brian/.config/nvim/plugin/mappings/fuzzy_finding.vim
047.700  000.060  000.060: sourcing /home/brian/.config/nvim/plugin/mappings/insert.vim
048.375  000.661  000.661: sourcing /home/brian/.config/nvim/plugin/mappings/leader.vim
048.569  000.174  000.174: sourcing /home/brian/.config/nvim/plugin/mappings/normal.vim
048.646  000.062  000.062: sourcing /home/brian/.config/nvim/plugin/mappings/terminal.vim
048.674  000.014  000.014: sourcing /home/brian/.config/nvim/plugin/mappings/visual.vim
051.920  000.184  000.184: sourcing /usr/share/nvim/runtime/syntax/syncolor.vim
052.559  000.156  000.156: sourcing /usr/share/nvim/runtime/syntax/syncolor.vim
063.154  011.894  011.553: sourcing /home/brian/.local/share/nvim/plugged/gruvbox/colors/gruvbox.vim
064.143  000.331  000.331: sourcing /usr/share/nvim/runtime/syntax/syncolor.vim
065.535  000.272  000.272: sourcing /usr/share/nvim/runtime/syntax/syncolor.vim
073.899  010.691  010.088: sourcing /home/brian/.local/share/nvim/plugged/gruvbox/colors/gruvbox.vim
074.321  025.635  003.051: sourcing /home/brian/.config/nvim/plugin/settings.vim
074.858  000.455  000.455: sourcing /home/brian/.local/share/nvim/plugged/lightline.vim/plugin/lightline.vim
075.528  000.534  000.534: sourcing /home/brian/.local/share/nvim/plugged/lightline-bufferline/autoload/lightline/bufferline.vim
075.599  000.653  000.118: sourcing /home/brian/.local/share/nvim/plugged/lightline-bufferline/plugin/bufferline.vim
075.712  000.035  000.035: sourcing /home/brian/.local/share/nvim/plugged/nvim-colorizer.lua/plugin/colorizer.vim
076.045  000.123  000.123: sourcing /home/brian/.local/share/nvim/plugged/coc.nvim/autoload/coc/rpc.vim
076.750  000.640  000.640: sourcing /home/brian/.local/share/nvim/plugged/coc.nvim/autoload/coc/util.vim
077.137  000.177  000.177: sourcing /home/brian/.local/share/nvim/plugged/coc.nvim/autoload/coc/client.vim
081.880  006.116  005.176: sourcing /home/brian/.local/share/nvim/plugged/coc.nvim/plugin/coc.vim
082.225  000.267  000.267: sourcing /home/brian/.local/share/nvim/plugged/pear-tree/plugin/pear-tree.vim
082.421  000.133  000.133: sourcing /home/brian/.local/share/nvim/plugged/vim-which-key/plugin/which_key.vim
082.526  000.043  000.043: sourcing /home/brian/.local/share/nvim/plugged/vim-snippets/plugin/vimsnippets.vim
082.998  000.404  000.404: sourcing /home/brian/.local/share/nvim/plugged/vimspector/plugin/vimspector.vim
083.689  000.628  000.628: sourcing /home/brian/.local/share/nvim/plugged/fzf/plugin/fzf.vim
084.755  000.994  000.994: sourcing /home/brian/.local/share/nvim/plugged/fzf.vim/plugin/fzf.vim
084.913  000.087  000.087: sourcing /home/brian/.local/share/nvim/plugged/coc-fzf/plugin/coc_fzf.vim
087.253  002.271  002.271: sourcing /home/brian/.local/share/nvim/plugged/vim-dispatch/plugin/dispatch.vim
087.492  000.173  000.173: sourcing /home/brian/.local/share/nvim/plugged/vista.vim/plugin/vista.vim
087.775  000.223  000.223: sourcing /home/brian/.local/share/nvim/plugged/vim-cool/plugin/cool.vim
087.936  000.094  000.094: sourcing /home/brian/.local/share/nvim/plugged/vim-be-good/plugin/vim-be-good.vim
088.158  000.164  000.164: sourcing /home/brian/.local/share/nvim/plugged/vim-commentary/plugin/commentary.vim
088.853  000.561  000.561: sourcing /home/brian/.local/share/nvim/plugged/vim-sandwich/plugin/operator/sandwich.vim
089.120  000.245  000.245: sourcing /home/brian/.local/share/nvim/plugged/vim-sandwich/plugin/sandwich.vim
089.364  000.223  000.223: sourcing /home/brian/.local/share/nvim/plugged/vim-sandwich/plugin/textobj/sandwich.vim
089.740  000.297  000.297: sourcing /home/brian/.local/share/nvim/plugged/switch.vim/plugin/switch.vim
090.007  000.192  000.192: sourcing /home/brian/.local/share/nvim/plugged/vim-easy-align/plugin/easy_align.vim
099.436  009.367  009.367: sourcing /home/brian/.local/share/nvim/plugged/vim-unimpaired/plugin/unimpaired.vim
100.006  000.501  000.501: sourcing /home/brian/.local/share/nvim/plugged/vim-eunuch/plugin/eunuch.vim
100.208  000.141  000.141: sourcing /home/brian/.local/share/nvim/plugged/vim-smoothie/plugin/smoothie.vim
100.332  000.070  000.070: sourcing /home/brian/.local/share/nvim/plugged/vim-zoom/plugin/zoom.vim
100.504  000.117  000.117: sourcing /home/brian/.local/share/nvim/plugged/vim-pasta/plugin/pasta.vim
100.795  000.232  000.232: sourcing /home/brian/.local/share/nvim/plugged/vim-rooter/plugin/rooter.vim
101.135  000.127  000.127: sourcing /home/brian/.local/share/nvim/plugged/suda.vim/autoload/suda.vim
101.311  000.453  000.325: sourcing /home/brian/.local/share/nvim/plugged/suda.vim/plugin/suda.vim
101.711  000.340  000.340: sourcing /home/brian/.local/share/nvim/plugged/vim-floaterm/plugin/floaterm.vim
102.451  000.476  000.476: sourcing /home/brian/.local/share/nvim/plugged/vim-textobj-user/autoload/textobj/user.vim
104.200  002.392  001.916: sourcing /home/brian/.local/share/nvim/plugged/vim-textobj-entire/plugin/textobj/entire.vim
104.590  000.327  000.327: sourcing /home/brian/.local/share/nvim/plugged/targets.vim/plugin/targets.vim
106.273  001.611  001.611: sourcing /home/brian/.local/share/nvim/plugged/vim-fugitive/plugin/fugitive.vim
106.587  000.251  000.251: sourcing /home/brian/.local/share/nvim/plugged/vim-tmux-navigator/plugin/tmux_navigator.vim
106.850  000.192  000.192: sourcing /home/brian/.local/share/nvim/plugged/vimux/plugin/vimux.vim
107.640  000.400  000.400: sourcing /home/brian/.local/share/nvim/plugged/vimwiki/autoload/vimwiki/vars.vim
109.422  000.102  000.102: sourcing /home/brian/.local/share/nvim/plugged/vimwiki/autoload/vimwiki/u.vim
112.595  005.675  005.174: sourcing /home/brian/.local/share/nvim/plugged/vimwiki/plugin/vimwiki.vim
112.837  000.175  000.175: sourcing /home/brian/.local/share/nvim/plugged/vim-polyglot/plugin/polyglot.vim
113.334  000.235  000.235: sourcing /usr/share/nvim/runtime/plugin/gzip.vim
113.368  000.012  000.012: sourcing /usr/share/nvim/runtime/plugin/health.vim
113.502  000.118  000.118: sourcing /usr/share/nvim/runtime/plugin/man.vim
114.866  000.378  000.378: sourcing /usr/share/nvim/runtime/pack/dist/opt/matchit/plugin/matchit.vim
114.912  001.392  001.015: sourcing /usr/share/nvim/runtime/plugin/matchit.vim
115.085  000.159  000.159: sourcing /usr/share/nvim/runtime/plugin/matchparen.vim
115.713  000.613  000.613: sourcing /usr/share/nvim/runtime/plugin/netrwPlugin.vim
116.321  000.243  000.243: sourcing /usr/share/nvim/runtime/autoload/remote/host.vim
116.964  000.376  000.376: sourcing /usr/share/nvim/runtime/autoload/remote/define.vim
119.940  004.079  003.461: sourcing /home/brian/.local/share/nvim/rplugin.vim
119.947  004.215  000.135: sourcing /usr/share/nvim/runtime/plugin/rplugin.vim
120.096  000.129  000.129: sourcing /usr/share/nvim/runtime/plugin/shada.vim
120.142  000.026  000.026: sourcing /usr/share/nvim/runtime/plugin/spellfile.vim
120.347  000.187  000.187: sourcing /usr/share/nvim/runtime/plugin/tarPlugin.vim
120.476  000.107  000.107: sourcing /usr/share/nvim/runtime/plugin/tohtml.vim
120.521  000.024  000.024: sourcing /usr/share/nvim/runtime/plugin/tutor.vim
120.749  000.208  000.208: sourcing /usr/share/nvim/runtime/plugin/zipPlugin.vim
120.855  000.020  000.020: sourcing /usr/share/vim/vimfiles/plugin/fzf.vim
121.855  000.978  000.978: sourcing /usr/share/vim/vimfiles/plugin/skim.vim
121.861  003.477: loading plugins
121.929  000.068: loading packages
122.688  000.653  000.653: sourcing /home/brian/.local/share/nvim/plugged/indentline/after/plugin/indentLine.vim
124.551  001.702  001.702: sourcing /home/brian/.local/share/nvim/plugged/fzf.vim/autoload/fzf/vim.vim
124.846  002.083  000.381: sourcing /home/brian/.local/share/nvim/plugged/coc-fzf/after/plugin/coc_fzf.vim
124.893  000.227: loading after plugins
124.911  000.018: inits 3
127.899  002.988: reading ShaDa
128.916  001.017: opening buffers
129.365  000.382  000.382: sourcing /home/brian/.local/share/nvim/plugged/lightline.vim/autoload/lightline.vim
130.180  000.162  000.162: sourcing /home/brian/.local/share/nvim/plugged/coc.nvim/autoload/coc.vim
130.276  000.016  000.016: sourcing /home/brian/.config/nvim/autoload/helpers/lightline.vim
130.459  000.041  000.041: sourcing /home/brian/.local/share/nvim/plugged/vim-zoom/autoload/zoom.vim
135.244  004.223  004.223: sourcing /home/brian/.local/share/nvim/plugged/vim-fugitive/autoload/fugitive.vim
135.801  000.053  000.053: sourcing /home/brian/.local/share/nvim/plugged/lightline.vim/autoload/lightline/tab.vim
136.487  000.186  000.186: sourcing /home/brian/.local/share/nvim/plugged/lightline.vim/autoload/lightline/colorscheme.vim
137.693  001.763  001.578: sourcing /home/brian/.local/share/nvim/plugged/gruvbox/autoload/lightline/colorscheme/gruvbox.vim
143.019  007.463: BufEnter autocommands
143.024  000.004: editing files in windows
143.262  000.238: VimEnter autocommands
143.265  000.003: UIEnter autocommands
143.727  000.229  000.229: sourcing /usr/share/nvim/runtime/autoload/provider/clipboard.vim
143.734  000.241: before starting main loop
150.473  006.739: first screen update
150.478  000.005: --- NVIM STARTED ---


times in msec
 clock   self+sourced   self:  sourced script
 clock   elapsed:              other lines

000.006  000.006: --- NVIM STARTING ---
000.295  000.289: locale set
000.586  000.291: inits 1
000.601  000.016: window checked
000.604  000.002: parsing arguments
000.646  000.042: expanding arguments
000.695  000.049: inits 2
001.330  000.635: init highlight
001.331  000.002: waiting for UI
002.114  000.783: done waiting for UI
002.155  000.041: initialized screen early for UI
003.809  001.523  001.523: sourcing $VIM/sysinit.vim
005.452  001.545  001.545: sourcing /home/brian/.config/nvim/autoload/plug.vim
029.644  000.015  000.015: sourcing /home/brian/.config/nvim/ftdetect/conf.vim
029.673  000.015  000.015: sourcing /home/brian/.config/nvim/ftdetect/sxhkdrc.vim
029.913  000.010  000.010: sourcing /home/brian/.local/share/nvim/plugged/vim-fugitive/ftdetect/fugitive.vim
030.002  000.044  000.044: sourcing /home/brian/.local/share/nvim/plugged/vim-markdown/ftdetect/markdown.vim
041.690  011.647  011.647: sourcing /home/brian/.local/share/nvim/plugged/vim-polyglot/ftdetect/polyglot.vim
041.750  000.012  000.012: sourcing /home/brian/.local/share/nvim/plugged/pest.vim/ftdetect/pest.vim
041.896  000.012  000.012: sourcing /usr/share/vim/vimfiles/ftdetect/PKGBUILD.vim
041.931  000.023  000.023: sourcing /usr/share/vim/vimfiles/ftdetect/lf.vim
041.966  000.023  000.023: sourcing /usr/share/vim/vimfiles/ftdetect/meson.vim
042.017  000.039  000.039: sourcing /usr/share/vim/vimfiles/ftdetect/task.vim
042.062  018.843  007.005: sourcing /usr/share/nvim/runtime/filetype.vim
042.309  000.033  000.033: sourcing /usr/share/nvim/runtime/ftplugin.vim
042.548  000.029  000.029: sourcing /usr/share/nvim/runtime/indent.vim
043.293  000.278  000.278: sourcing /usr/share/nvim/runtime/syntax/syncolor.vim
043.413  000.597  000.319: sourcing /usr/share/nvim/runtime/syntax/synload.vim
043.441  000.826  000.229: sourcing /usr/share/nvim/runtime/syntax/syntax.vim
043.978  000.231  000.231: sourcing /home/brian/.local/share/nvim/plugged/vim-repeat/autoload/repeat.vim
044.142  000.578  000.347: sourcing /home/brian/.local/share/nvim/plugged/vim-sandwich/macros/sandwich/keymap/surround.vim
044.413  000.164  000.164: sourcing /home/brian/.local/share/nvim/plugged/vim-sandwich/autoload/sandwich.vim
044.832  000.207  000.207: sourcing /home/brian/.local/share/nvim/plugged/vim-which-key/autoload/which_key.vim
044.932  041.092  018.866: sourcing /home/brian/.config/nvim/init.vim
044.936  000.165: sourcing vimrc file(s)
045.415  000.183  000.183: sourcing /home/brian/.config/nvim/plugin/autocommands.vim
045.721  000.290  000.290: sourcing /home/brian/.config/nvim/plugin/coc.vim
045.758  000.023  000.023: sourcing /home/brian/.config/nvim/plugin/coc_snippets.vim
045.818  000.046  000.046: sourcing /home/brian/.config/nvim/plugin/commands.vim
045.858  000.027  000.027: sourcing /home/brian/.config/nvim/plugin/mappings/command.vim
046.017  000.146  000.146: sourcing /home/brian/.config/nvim/plugin/mappings/fuzzy_finding.vim
046.093  000.059  000.059: sourcing /home/brian/.config/nvim/plugin/mappings/insert.vim
046.771  000.663  000.663: sourcing /home/brian/.config/nvim/plugin/mappings/leader.vim
046.953  000.166  000.166: sourcing /home/brian/.config/nvim/plugin/mappings/normal.vim
047.028  000.060  000.060: sourcing /home/brian/.config/nvim/plugin/mappings/terminal.vim
047.056  000.014  000.014: sourcing /home/brian/.config/nvim/plugin/mappings/visual.vim
050.259  000.185  000.185: sourcing /usr/share/nvim/runtime/syntax/syncolor.vim
050.908  000.154  000.154: sourcing /usr/share/nvim/runtime/syntax/syncolor.vim
060.378  010.770  010.430: sourcing /home/brian/.local/share/nvim/plugged/gruvbox/colors/gruvbox.vim
061.362  000.311  000.311: sourcing /usr/share/nvim/runtime/syntax/syncolor.vim
062.967  000.307  000.307: sourcing /usr/share/nvim/runtime/syntax/syncolor.vim
071.513  011.089  010.471: sourcing /home/brian/.local/share/nvim/plugged/gruvbox/colors/gruvbox.vim
071.958  024.891  003.032: sourcing /home/brian/.config/nvim/plugin/settings.vim
072.309  000.262  000.262: sourcing /home/brian/.local/share/nvim/plugged/lightline.vim/plugin/lightline.vim
072.973  000.539  000.539: sourcing /home/brian/.local/share/nvim/plugged/lightline-bufferline/autoload/lightline/bufferline.vim
073.053  000.665  000.127: sourcing /home/brian/.local/share/nvim/plugged/lightline-bufferline/plugin/bufferline.vim
073.174  000.037  000.037: sourcing /home/brian/.local/share/nvim/plugged/nvim-colorizer.lua/plugin/colorizer.vim
073.543  000.133  000.133: sourcing /home/brian/.local/share/nvim/plugged/coc.nvim/autoload/coc/rpc.vim
074.333  000.719  000.719: sourcing /home/brian/.local/share/nvim/plugged/coc.nvim/autoload/coc/util.vim
074.749  000.190  000.190: sourcing /home/brian/.local/share/nvim/plugged/coc.nvim/autoload/coc/client.vim
079.480  006.249  005.207: sourcing /home/brian/.local/share/nvim/plugged/coc.nvim/plugin/coc.vim
079.826  000.267  000.267: sourcing /home/brian/.local/share/nvim/plugged/pear-tree/plugin/pear-tree.vim
080.023  000.131  000.131: sourcing /home/brian/.local/share/nvim/plugged/vim-which-key/plugin/which_key.vim
080.126  000.043  000.043: sourcing /home/brian/.local/share/nvim/plugged/vim-snippets/plugin/vimsnippets.vim
080.602  000.408  000.408: sourcing /home/brian/.local/share/nvim/plugged/vimspector/plugin/vimspector.vim
081.289  000.623  000.623: sourcing /home/brian/.local/share/nvim/plugged/fzf/plugin/fzf.vim
082.351  000.990  000.990: sourcing /home/brian/.local/share/nvim/plugged/fzf.vim/plugin/fzf.vim
082.508  000.088  000.088: sourcing /home/brian/.local/share/nvim/plugged/coc-fzf/plugin/coc_fzf.vim
084.858  002.279  002.279: sourcing /home/brian/.local/share/nvim/plugged/vim-dispatch/plugin/dispatch.vim
085.092  000.165  000.165: sourcing /home/brian/.local/share/nvim/plugged/vista.vim/plugin/vista.vim
085.377  000.227  000.227: sourcing /home/brian/.local/share/nvim/plugged/vim-cool/plugin/cool.vim
085.534  000.093  000.093: sourcing /home/brian/.local/share/nvim/plugged/vim-be-good/plugin/vim-be-good.vim
085.755  000.164  000.164: sourcing /home/brian/.local/share/nvim/plugged/vim-commentary/plugin/commentary.vim
086.445  000.553  000.553: sourcing /home/brian/.local/share/nvim/plugged/vim-sandwich/plugin/operator/sandwich.vim
086.708  000.241  000.241: sourcing /home/brian/.local/share/nvim/plugged/vim-sandwich/plugin/sandwich.vim
086.948  000.218  000.218: sourcing /home/brian/.local/share/nvim/plugged/vim-sandwich/plugin/textobj/sandwich.vim
087.333  000.313  000.313: sourcing /home/brian/.local/share/nvim/plugged/switch.vim/plugin/switch.vim
087.597  000.189  000.189: sourcing /home/brian/.local/share/nvim/plugged/vim-easy-align/plugin/easy_align.vim
096.627  008.966  008.966: sourcing /home/brian/.local/share/nvim/plugged/vim-unimpaired/plugin/unimpaired.vim
097.106  000.415  000.415: sourcing /home/brian/.local/share/nvim/plugged/vim-eunuch/plugin/eunuch.vim
097.312  000.145  000.145: sourcing /home/brian/.local/share/nvim/plugged/vim-smoothie/plugin/smoothie.vim
097.436  000.070  000.070: sourcing /home/brian/.local/share/nvim/plugged/vim-zoom/plugin/zoom.vim
097.600  000.110  000.110: sourcing /home/brian/.local/share/nvim/plugged/vim-pasta/plugin/pasta.vim
097.884  000.230  000.230: sourcing /home/brian/.local/share/nvim/plugged/vim-rooter/plugin/rooter.vim
098.233  000.128  000.128: sourcing /home/brian/.local/share/nvim/plugged/suda.vim/autoload/suda.vim
098.413  000.459  000.331: sourcing /home/brian/.local/share/nvim/plugged/suda.vim/plugin/suda.vim
098.818  000.345  000.345: sourcing /home/brian/.local/share/nvim/plugged/vim-floaterm/plugin/floaterm.vim
099.582  000.489  000.489: sourcing /home/brian/.local/share/nvim/plugged/vim-textobj-user/autoload/textobj/user.vim
101.366  002.452  001.963: sourcing /home/brian/.local/share/nvim/plugged/vim-textobj-entire/plugin/textobj/entire.vim
101.714  000.290  000.290: sourcing /home/brian/.local/share/nvim/plugged/targets.vim/plugin/targets.vim
103.444  001.670  001.670: sourcing /home/brian/.local/share/nvim/plugged/vim-fugitive/plugin/fugitive.vim
103.779  000.266  000.266: sourcing /home/brian/.local/share/nvim/plugged/vim-tmux-navigator/plugin/tmux_navigator.vim
104.103  000.243  000.243: sourcing /home/brian/.local/share/nvim/plugged/vimux/plugin/vimux.vim
104.977  000.442  000.442: sourcing /home/brian/.local/share/nvim/plugged/vimwiki/autoload/vimwiki/vars.vim
107.027  000.120  000.120: sourcing /home/brian/.local/share/nvim/plugged/vimwiki/autoload/vimwiki/u.vim
110.267  006.078  005.515: sourcing /home/brian/.local/share/nvim/plugged/vimwiki/plugin/vimwiki.vim
110.517  000.176  000.176: sourcing /home/brian/.local/share/nvim/plugged/vim-polyglot/plugin/polyglot.vim
111.015  000.237  000.237: sourcing /usr/share/nvim/runtime/plugin/gzip.vim
111.049  000.012  000.012: sourcing /usr/share/nvim/runtime/plugin/health.vim
111.167  000.103  000.103: sourcing /usr/share/nvim/runtime/plugin/man.vim
112.595  000.388  000.388: sourcing /usr/share/nvim/runtime/pack/dist/opt/matchit/plugin/matchit.vim
112.640  001.456  001.069: sourcing /usr/share/nvim/runtime/plugin/matchit.vim
112.808  000.153  000.153: sourcing /usr/share/nvim/runtime/plugin/matchparen.vim
113.427  000.604  000.604: sourcing /usr/share/nvim/runtime/plugin/netrwPlugin.vim
114.065  000.267  000.267: sourcing /usr/share/nvim/runtime/autoload/remote/host.vim
114.759  000.399  000.399: sourcing /usr/share/nvim/runtime/autoload/remote/define.vim
117.845  004.269  003.603: sourcing /home/brian/.local/share/nvim/rplugin.vim
117.852  004.405  000.136: sourcing /usr/share/nvim/runtime/plugin/rplugin.vim
118.000  000.127  000.127: sourcing /usr/share/nvim/runtime/plugin/shada.vim
118.047  000.027  000.027: sourcing /usr/share/nvim/runtime/plugin/spellfile.vim
118.252  000.187  000.187: sourcing /usr/share/nvim/runtime/plugin/tarPlugin.vim
118.379  000.103  000.103: sourcing /usr/share/nvim/runtime/plugin/tohtml.vim
118.423  000.024  000.024: sourcing /usr/share/nvim/runtime/plugin/tutor.vim
118.647  000.204  000.204: sourcing /usr/share/nvim/runtime/plugin/zipPlugin.vim
118.753  000.020  000.020: sourcing /usr/share/vim/vimfiles/plugin/fzf.vim
119.738  000.963  000.963: sourcing /usr/share/vim/vimfiles/plugin/skim.vim
119.744  003.494: loading plugins
119.810  000.065: loading packages
120.563  000.646  000.646: sourcing /home/brian/.local/share/nvim/plugged/indentline/after/plugin/indentLine.vim
122.313  001.592  001.592: sourcing /home/brian/.local/share/nvim/plugged/fzf.vim/autoload/fzf/vim.vim
122.560  001.923  000.331: sourcing /home/brian/.local/share/nvim/plugged/coc-fzf/after/plugin/coc_fzf.vim
122.599  000.219: loading after plugins
122.614  000.015: inits 3
125.594  002.981: reading ShaDa
126.601  001.007: opening buffers
127.070  000.404  000.404: sourcing /home/brian/.local/share/nvim/plugged/lightline.vim/autoload/lightline.vim
127.834  000.160  000.160: sourcing /home/brian/.local/share/nvim/plugged/coc.nvim/autoload/coc.vim
127.928  000.016  000.016: sourcing /home/brian/.config/nvim/autoload/helpers/lightline.vim
128.102  000.040  000.040: sourcing /home/brian/.local/share/nvim/plugged/vim-zoom/autoload/zoom.vim
132.850  004.185  004.185: sourcing /home/brian/.local/share/nvim/plugged/vim-fugitive/autoload/fugitive.vim
133.373  000.046  000.046: sourcing /home/brian/.local/share/nvim/plugged/lightline.vim/autoload/lightline/tab.vim
133.990  000.163  000.163: sourcing /home/brian/.local/share/nvim/plugged/lightline.vim/autoload/lightline/colorscheme.vim
135.097  001.609  001.446: sourcing /home/brian/.local/share/nvim/plugged/gruvbox/autoload/lightline/colorscheme/gruvbox.vim
140.334  007.274: BufEnter autocommands
140.339  000.004: editing files in windows
140.574  000.235: VimEnter autocommands
140.577  000.003: UIEnter autocommands
141.023  000.226  000.226: sourcing /usr/share/nvim/runtime/autoload/provider/clipboard.vim
141.030  000.227: before starting main loop
148.708  007.678: first screen update
148.714  000.006: --- NVIM STARTED ---
